SF:lib/repository/customer_repository.dart
DA:19,0
DA:22,0
DA:23,0
DA:24,0
DA:28,0
DA:30,0
DA:31,0
DA:33,0
DA:36,0
DA:37,0
DA:38,0
DA:39,0
DA:44,0
DA:46,0
DA:47,0
DA:51,0
DA:53,0
DA:54,0
DA:58,0
DA:59,0
DA:61,0
DA:63,0
DA:64,0
DA:67,0
DA:68,0
DA:69,0
LF:26
LH:0
end_of_record
SF:lib/network/failures.dart
DA:1,15
DA:7,0
LF:2
LH:1
end_of_record
SF:lib/model/customer.dart
DA:9,1
DA:11,3
DA:14,6
DA:15,6
DA:16,6
DA:17,3
DA:18,4
DA:19,6
DA:20,6
DA:25,2
DA:26,2
DA:27,4
DA:28,4
DA:29,4
DA:30,2
DA:31,6
DA:36,1
DA:38,2
LF:18
LH:18
end_of_record
SF:lib/model/offer.dart
DA:8,0
DA:10,2
DA:11,4
DA:12,4
DA:13,2
DA:14,6
DA:17,1
DA:18,1
DA:19,2
DA:20,2
DA:21,1
DA:22,3
LF:12
LH:11
end_of_record
SF:lib/model/product.dart
DA:7,0
DA:9,2
DA:10,4
DA:11,4
DA:12,4
DA:13,4
DA:16,1
DA:17,1
DA:18,2
DA:19,2
DA:20,2
DA:21,2
LF:12
LH:11
end_of_record
SF:lib/model/purchase_response.dart
DA:8,0
DA:10,0
DA:11,0
DA:12,0
DA:13,0
DA:14,0
DA:18,0
DA:19,0
DA:20,0
DA:21,0
DA:22,0
DA:23,0
LF:12
LH:0
end_of_record
SF:lib/model/transaction.dart
DA:6,0
LF:1
LH:0
end_of_record
SF:lib/network/data/customer_purchase.dart
DA:2,0
DA:15,0
LF:2
LH:0
end_of_record
SF:lib/utils/text_utils.dart
DA:3,1
DA:4,1
DA:6,1
DA:8,1
DA:11,1
DA:17,2
DA:18,2
DA:20,2
DA:23,0
DA:24,0
LF:10
LH:8
end_of_record
SF:lib/components/card_account.dart
DA:12,1
DA:14,1
DA:15,1
DA:16,1
DA:17,1
DA:18,1
DA:20,1
DA:21,1
DA:22,1
DA:24,2
DA:26,1
DA:27,1
DA:30,1
DA:31,1
DA:32,1
DA:33,1
DA:34,1
DA:38,1
DA:41,1
DA:43,1
DA:51,1
DA:54,1
DA:56,1
DA:61,1
DA:62,1
DA:63,1
DA:65,1
DA:66,4
DA:67,1
DA:68,1
DA:74,1
DA:77,1
DA:79,1
DA:86,2
DA:92,1
DA:97,1
DA:98,1
DA:100,2
DA:103,1
DA:105,1
DA:107,1
DA:108,1
DA:109,1
DA:110,1
DA:113,1
DA:114,1
DA:116,1
DA:118,1
DA:124,0
DA:125,0
DA:132,1
DA:135,1
DA:136,1
DA:137,1
DA:138,1
DA:139,2
DA:140,1
DA:141,1
DA:142,1
DA:143,1
DA:144,1
DA:147,1
DA:148,2
LF:63
LH:61
end_of_record
SF:lib/feature/home/home_store.g.dart
DA:14,1
DA:16,2
DA:17,1
DA:20,1
DA:22,4
DA:23,1
DA:29,1
DA:31,2
DA:32,1
DA:35,1
DA:37,4
DA:38,1
DA:44,0
DA:46,0
DA:47,0
DA:50,1
DA:52,4
DA:53,1
DA:59,0
DA:61,0
DA:62,0
DA:65,0
DA:67,0
DA:68,0
DA:74,0
DA:76,0
DA:77,0
DA:80,0
DA:82,0
DA:83,0
DA:89,1
DA:91,2
DA:92,1
DA:95,1
DA:97,4
DA:98,1
DA:104,1
DA:106,4
DA:111,1
DA:114,2
DA:116,1
DA:118,2
DA:122,1
DA:124,2
DA:127,1
DA:129,2
DA:133,0
DA:135,0
DA:138,0
DA:140,0
DA:144,0
DA:147,0
DA:148,0
DA:149,0
DA:150,0
DA:151,0
DA:152,0
DA:153,0
LF:58
LH:31
end_of_record
SF:lib/feature/home/home_store.dart
DA:14,2
DA:20,1
DA:21,1
DA:22,1
DA:44,1
DA:45,1
DA:47,1
DA:50,3
DA:52,1
DA:53,0
DA:54,0
DA:55,1
DA:56,1
DA:57,3
DA:58,1
DA:60,3
DA:63,1
DA:66,1
DA:68,1
DA:71,1
DA:73,2
DA:74,2
DA:77,0
DA:79,0
DA:80,0
DA:82,0
LF:26
LH:20
end_of_record
SF:lib/utils/service_locator.dart
DA:9,3
DA:11,0
DA:12,0
DA:14,0
DA:16,0
DA:18,0
LF:6
LH:1
end_of_record
SF:lib/shared/page_state.dart
DA:1,5
LF:1
LH:1
end_of_record
SF:lib/feature/product/product_store.g.dart
DA:14,0
DA:15,0
DA:16,0
DA:17,0
DA:21,0
DA:23,0
DA:24,0
DA:27,0
DA:29,0
DA:30,0
DA:36,0
DA:38,0
DA:39,0
DA:42,0
DA:44,0
DA:45,0
DA:52,0
DA:54,0
DA:57,0
DA:60,0
DA:61,0
DA:62,0
DA:63,0
LF:23
LH:0
end_of_record
SF:lib/feature/product/product_store.dart
DA:14,0
DA:20,0
DA:28,0
DA:29,0
DA:32,0
DA:33,0
DA:34,0
DA:36,0
DA:38,0
DA:39,0
DA:40,0
DA:41,0
DA:42,0
DA:43,0
DA:44,0
DA:45,0
DA:46,0
DA:49,0
DA:50,0
LF:19
LH:0
end_of_record
SF:lib/network/client_graphql.dart
DA:6,0
DA:10,0
DA:14,0
DA:16,0
DA:17,0
DA:18,0
DA:19,0
LF:7
LH:0
end_of_record
